[debug] [2021-04-04T15:59:07.403Z] ----------------------------------------------------------------------
[debug] [2021-04-04T15:59:07.407Z] Command:       /usr/local/bin/node /Users/nataliayarysheva/.node_modules_global/bin/firebase login --debug
[debug] [2021-04-04T15:59:07.407Z] CLI Version:   9.8.0
[debug] [2021-04-04T15:59:07.407Z] Platform:      darwin
[debug] [2021-04-04T15:59:07.408Z] Node Version:  v14.15.0
[debug] [2021-04-04T15:59:07.409Z] Time:          Sun Apr 04 2021 23:59:07 GMT+0800 (China Standard Time)
[debug] [2021-04-04T15:59:07.409Z] ----------------------------------------------------------------------
[debug] 
[debug] [2021-04-04T15:59:07.412Z] >>> [apiv2][query] GET https://firebase-public.firebaseio.com/cli.json [none]
[info] i  Firebase optionally collects CLI usage and error reporting information to help improve our products. Data is collected in accordance with Google's privacy policy (https://policies.google.com/privacy) and is not used to identify you.
 
[info] i  To change your data collection preference at any time, run `firebase logout` and log in again. 
[info] 
[info] Visit this URL on this device to log in:
[info] https://accounts.google.com/o/oauth2/auth?client_id=563584335869-fgrhgmd47bqnekij5i8b5pr03ho849e6.apps.googleusercontent.com&scope=email%20openid%20https%3A%2F%2Fwww.googleapis.com%2Fauth%2Fcloudplatformprojects.readonly%20https%3A%2F%2Fwww.googleapis.com%2Fauth%2Ffirebase%20https%3A%2F%2Fwww.googleapis.com%2Fauth%2Fcloud-platform&response_type=code&state=467699681&redirect_uri=http%3A%2F%2Flocalhost%3A9005
[info] 
[info] Waiting for authentication...
[debug] [2021-04-04T15:59:40.638Z] >>> HTTP REQUEST POST https://accounts.google.com/o/oauth2/token  
 {"code":"4/0AY0e-g4a8MsBUnMXOYLqa63KsgDr3MFV6iH__qSBxxlcbE0F29rfVNc8RdAWwTSPKehfvg","client_id":"563584335869-fgrhgmd47bqnekij5i8b5pr03ho849e6.apps.googleusercontent.com","client_secret":"j9iVZfS8kkCEFUPaAeJV0sAi","redirect_uri":"http://localhost:9005","grant_type":"authorization_code"}
[debug] [2021-04-04T16:00:56.623Z] Token Fetch Error: FirebaseError: Server Error. connect ETIMEDOUT 142.250.204.45:443
    at Request._callback (/Users/nataliayarysheva/.node_modules_global/lib/node_modules/firebase-tools/lib/api.js:32:31)
    at self.callback (/Users/nataliayarysheva/.node_modules_global/lib/node_modules/firebase-tools/node_modules/request/request.js:185:22)
    at Request.emit (events.js:315:20)
    at Request.EventEmitter.emit (domain.js:486:12)
    at Request.onRequestError (/Users/nataliayarysheva/.node_modules_global/lib/node_modules/firebase-tools/node_modules/request/request.js:877:8)
    at ClientRequest.emit (events.js:315:20)
    at ClientRequest.EventEmitter.emit (domain.js:486:12)
    at TLSSocket.socketErrorListener (_http_client.js:469:9)
    at TLSSocket.emit (events.js:315:20)
    at TLSSocket.EventEmitter.emit (domain.js:486:12)
    at emitErrorNT (internal/streams/destroy.js:106:8)
    at emitErrorCloseNT (internal/streams/destroy.js:74:3)
    at processTicksAndRejections (internal/process/task_queues.js:80:21)
[info] 
[info] Visit this URL on any device to log in:
[info] https://accounts.google.com/o/oauth2/auth?client_id=563584335869-fgrhgmd47bqnekij5i8b5pr03ho849e6.apps.googleusercontent.com&scope=email%20openid%20https%3A%2F%2Fwww.googleapis.com%2Fauth%2Fcloudplatformprojects.readonly%20https%3A%2F%2Fwww.googleapis.com%2Fauth%2Ffirebase%20https%3A%2F%2Fwww.googleapis.com%2Fauth%2Fcloud-platform&response_type=code&state=467699681&redirect_uri=urn%3Aietf%3Awg%3Aoauth%3A2.0%3Aoob
[info] 
[debug] [2021-04-04T16:01:20.026Z] >>> HTTP REQUEST POST https://accounts.google.com/o/oauth2/token  
 {"code":"4/1AY0e-g66dOz18qDmMU_0eTPGziDApLuf6M3MzRmwGRfVlm2HzCHAYS7NXmc","client_id":"563584335869-fgrhgmd47bqnekij5i8b5pr03ho849e6.apps.googleusercontent.com","client_secret":"j9iVZfS8kkCEFUPaAeJV0sAi","redirect_uri":"urn:ietf:wg:oauth:2.0:oob","grant_type":"authorization_code"}
[debug] [2021-04-04T16:02:35.810Z] Token Fetch Error: FirebaseError: Server Error. connect ETIMEDOUT 142.250.204.45:443
    at Request._callback (/Users/nataliayarysheva/.node_modules_global/lib/node_modules/firebase-tools/lib/api.js:32:31)
    at self.callback (/Users/nataliayarysheva/.node_modules_global/lib/node_modules/firebase-tools/node_modules/request/request.js:185:22)
    at Request.emit (events.js:315:20)
    at Request.EventEmitter.emit (domain.js:486:12)
    at Request.onRequestError (/Users/nataliayarysheva/.node_modules_global/lib/node_modules/firebase-tools/node_modules/request/request.js:877:8)
    at ClientRequest.emit (events.js:315:20)
    at ClientRequest.EventEmitter.emit (domain.js:486:12)
    at TLSSocket.socketErrorListener (_http_client.js:469:9)
    at TLSSocket.emit (events.js:315:20)
    at TLSSocket.EventEmitter.emit (domain.js:486:12)
    at emitErrorNT (internal/streams/destroy.js:106:8)
    at emitErrorCloseNT (internal/streams/destroy.js:74:3)
    at processTicksAndRejections (internal/process/task_queues.js:80:21)
[error] 
[error] Error: Authentication Error: Your credentials are no longer valid. Please run firebase login --reauth

For CI servers and headless environments, generate a new token with firebase login:ci
